2024-04-06 16:24:27,821 INFO o.a.j.u.JMeterUtils: Setting Locale to en_US
2024-04-06 16:24:27,886 INFO o.a.j.JMeter: Loading user properties from: user.properties
2024-04-06 16:24:27,887 INFO o.a.j.JMeter: Loading system properties from: system.properties
2024-04-06 16:24:27,887 INFO o.a.j.JMeter: Loading additional properties from: C:\Users\chath\OneDrive\Documents\data\apache-jmeter-5.6.3\apache-jmeter-5.6.3\bin\user.properties
2024-04-06 16:24:27,895 INFO o.a.j.JMeter: Copyright (c) 1998-2024 The Apache Software Foundation
2024-04-06 16:24:27,895 INFO o.a.j.JMeter: Version 5.6.3
2024-04-06 16:24:27,895 INFO o.a.j.JMeter: java.version=11.0.20.1
2024-04-06 16:24:27,895 INFO o.a.j.JMeter: java.vm.name=OpenJDK 64-Bit Server VM
2024-04-06 16:24:27,895 INFO o.a.j.JMeter: os.name=Windows 10
2024-04-06 16:24:27,895 INFO o.a.j.JMeter: os.arch=amd64
2024-04-06 16:24:27,895 INFO o.a.j.JMeter: os.version=10.0
2024-04-06 16:24:27,896 INFO o.a.j.JMeter: file.encoding=Cp1252
2024-04-06 16:24:27,896 INFO o.a.j.JMeter: java.awt.headless=true
2024-04-06 16:24:27,896 INFO o.a.j.JMeter: Max memory     =4213178368
2024-04-06 16:24:27,896 INFO o.a.j.JMeter: Available Processors =8
2024-04-06 16:24:27,906 INFO o.a.j.JMeter: Default Locale=English (United States)
2024-04-06 16:24:27,907 INFO o.a.j.JMeter: JMeter  Locale=English (United States)
2024-04-06 16:24:27,907 INFO o.a.j.JMeter: JMeterHome=C:\Users\chath\OneDrive\Documents\data\apache-jmeter-5.6.3\apache-jmeter-5.6.3
2024-04-06 16:24:27,907 INFO o.a.j.JMeter: user.dir  =C:\Users\chath\OneDrive\Documents\data\apache-jmeter-5.6.3\apache-jmeter-5.6.3\bin
2024-04-06 16:24:27,908 INFO o.a.j.JMeter: PWD       =C:\Users\chath\OneDrive\Documents\data\apache-jmeter-5.6.3\apache-jmeter-5.6.3\bin
2024-04-06 16:24:27,908 INFO o.a.j.JMeter: IP: 192.168.1.130 Name: DESKTOP-E00SC5G FullName: DESKTOP-E00SC5G
2024-04-06 16:24:27,919 INFO o.a.j.JMeter: Setting property 'jmeter.reportgenerator.outputdir' to:'C:\temp\perf\New folder'
2024-04-06 16:24:27,922 INFO o.a.j.r.d.ReportGenerator: ReportGenerator will use for Parsing the separator: ','
2024-04-06 16:24:27,922 INFO o.a.j.r.d.ReportGenerator: Will only generate report from results file: C:\temp\perf\results.csv
2024-04-06 16:24:27,923 INFO o.a.j.r.d.ReportGenerator: Reading report generator properties from: C:\Users\chath\OneDrive\Documents\data\apache-jmeter-5.6.3\apache-jmeter-5.6.3\bin\reportgenerator.properties
2024-04-06 16:24:27,925 INFO o.a.j.r.d.ReportGenerator: Merging with JMeter properties
2024-04-06 16:24:27,930 INFO o.a.j.r.c.ReportGeneratorConfiguration: Property 'jmeter.reportgenerator.temp_dir' not found, using default value 'temp' instead.
2024-04-06 16:24:27,934 INFO o.a.j.r.c.ReportGeneratorConfiguration: Property 'jmeter.reportgenerator.apdex_per_transaction' not found, using default value 'null' instead.
2024-04-06 16:24:27,940 INFO o.a.j.r.c.ReportGeneratorConfiguration: apdex_per_transaction is empty, not APDEX per transaction customization
2024-04-06 16:24:27,941 INFO o.a.j.r.c.ReportGeneratorConfiguration: Property 'jmeter.reportgenerator.sample_filter' not found, using default value 'null' instead.
2024-04-06 16:24:27,941 INFO o.a.j.r.c.ReportGeneratorConfiguration: Property 'jmeter.reportgenerator.report_title' not found, using default value 'null' instead.
2024-04-06 16:24:27,941 INFO o.a.j.r.c.ReportGeneratorConfiguration: Property 'jmeter.reportgenerator.start_date' not found, using default value 'null' instead.
2024-04-06 16:24:27,941 INFO o.a.j.r.c.ReportGeneratorConfiguration: Property 'jmeter.reportgenerator.end_date' not found, using default value 'null' instead.
2024-04-06 16:24:27,941 INFO o.a.j.r.c.ReportGeneratorConfiguration: Property 'jmeter.reportgenerator.date_format' not found, using default value 'null' instead.
2024-04-06 16:24:27,945 INFO o.a.j.r.c.ReportGeneratorConfiguration: Will use date range start date: null, end date: null
2024-04-06 16:24:27,951 INFO o.a.j.r.c.ReportGeneratorConfiguration: Property 'jmeter.reportgenerator.graph.totalTPS.exclude_controllers' not found, using default value 'false' instead.
2024-04-06 16:24:27,951 INFO o.a.j.r.c.ReportGeneratorConfiguration: Property 'jmeter.reportgenerator.graph.activeThreadsOverTime.exclude_controllers' not found, using default value 'false' instead.
2024-04-06 16:24:27,952 INFO o.a.j.r.c.ReportGeneratorConfiguration: Property 'jmeter.reportgenerator.graph.timeVsThreads.exclude_controllers' not found, using default value 'false' instead.
2024-04-06 16:24:27,952 INFO o.a.j.r.c.ReportGeneratorConfiguration: Property 'jmeter.reportgenerator.graph.responseTimeDistribution.exclude_controllers' not found, using default value 'false' instead.
2024-04-06 16:24:27,952 INFO o.a.j.r.c.ReportGeneratorConfiguration: Property 'jmeter.reportgenerator.graph.transactionsPerSecond.exclude_controllers' not found, using default value 'false' instead.
2024-04-06 16:24:27,952 INFO o.a.j.r.c.ReportGeneratorConfiguration: Property 'jmeter.reportgenerator.graph.responseTimePercentiles.exclude_controllers' not found, using default value 'false' instead.
2024-04-06 16:24:27,952 INFO o.a.j.r.c.ReportGeneratorConfiguration: Property 'jmeter.reportgenerator.graph.responseTimePercentilesOverTime.exclude_controllers' not found, using default value 'false' instead.
2024-04-06 16:24:27,952 INFO o.a.j.r.c.ReportGeneratorConfiguration: Property 'jmeter.reportgenerator.graph.responseTimesOverTime.exclude_controllers' not found, using default value 'false' instead.
2024-04-06 16:24:27,952 INFO o.a.j.r.c.ReportGeneratorConfiguration: Property 'jmeter.reportgenerator.graph.connectTimeOverTime.exclude_controllers' not found, using default value 'false' instead.
2024-04-06 16:24:27,952 INFO o.a.j.r.c.ReportGeneratorConfiguration: Property 'jmeter.reportgenerator.graph.latenciesOverTime.exclude_controllers' not found, using default value 'false' instead.
2024-04-06 16:24:27,953 INFO o.a.j.r.c.ReportGeneratorConfiguration: Property 'jmeter.reportgenerator.exporter.json.filters_only_sample_series' not found, using default value 'true' instead.
2024-04-06 16:24:27,953 INFO o.a.j.r.c.ReportGeneratorConfiguration: Property 'jmeter.reportgenerator.exporter.json.series_filter' not found, using default value '' instead.
2024-04-06 16:24:27,953 INFO o.a.j.r.c.ReportGeneratorConfiguration: Property 'jmeter.reportgenerator.exporter.json.show_controllers_only' not found, using default value 'false' instead.
2024-04-06 16:24:27,954 INFO o.a.j.r.c.ReportGeneratorConfiguration: Property 'jmeter.reportgenerator.exporter.html.filters_only_sample_series' not found, using default value 'true' instead.
2024-04-06 16:24:27,954 INFO o.a.j.r.c.ReportGeneratorConfiguration: Property 'jmeter.reportgenerator.exporter.html.series_filter' not found, using default value '' instead.
2024-04-06 16:24:27,954 INFO o.a.j.r.c.ReportGeneratorConfiguration: Property 'jmeter.reportgenerator.exporter.html.show_controllers_only' not found, using default value 'false' instead.
2024-04-06 16:24:28,166 INFO o.a.j.s.SaveService: Testplan (JMX) version: 2.2. Testlog (JTL) version: 2.2
2024-04-06 16:24:28,187 INFO o.a.j.s.SaveService: Using SaveService properties version 5.0
2024-04-06 16:24:28,190 INFO o.a.j.s.SaveService: Using SaveService properties file encoding UTF-8
2024-04-06 16:24:28,218 INFO o.a.j.r.p.NormalizerSampleConsumer: Using format, 'ms', to parse timeStamp field
2024-04-06 16:24:29,454 INFO o.a.j.r.p.AbstractSampleConsumer: class org.apache.jmeter.report.processor.AggregateConsumer#stopProducing(): beginDate produced 0 samples
2024-04-06 16:24:29,454 INFO o.a.j.r.p.AbstractSampleConsumer: class org.apache.jmeter.report.processor.AggregateConsumer#stopProducing(): endDate produced 0 samples
2024-04-06 16:24:29,456 INFO o.a.j.r.p.AbstractSampleConsumer: class org.apache.jmeter.report.processor.ApdexSummaryConsumer#stopProducing(): apdexSummary produced 0 samples
2024-04-06 16:24:29,456 INFO o.a.j.r.p.AbstractSampleConsumer: class org.apache.jmeter.report.processor.RequestsSummaryConsumer#stopProducing(): requestsSummary produced 0 samples
2024-04-06 16:24:29,464 INFO o.a.j.r.p.AbstractSampleConsumer: class org.apache.jmeter.report.processor.StatisticsSummaryConsumer#stopProducing(): statisticsSummary produced 0 samples
2024-04-06 16:24:29,469 INFO o.a.j.r.p.AbstractSampleConsumer: class org.apache.jmeter.report.processor.Top5ErrorsBySamplerConsumer#stopProducing(): top5ErrorsBySampler produced 0 samples
2024-04-06 16:24:29,469 INFO o.a.j.r.p.AbstractSampleConsumer: class org.apache.jmeter.report.processor.ErrorsSummaryConsumer#stopProducing(): errorsSummary produced 0 samples
2024-04-06 16:24:29,469 INFO o.a.j.r.p.AbstractSampleConsumer: class org.apache.jmeter.report.processor.graph.impl.HitsPerSecondGraphConsumer#stopProducing(): hitsPerSecond produced 0 samples
2024-04-06 16:24:29,594 INFO o.a.j.r.p.AbstractSampleConsumer: class org.apache.jmeter.report.processor.graph.impl.LatencyVSRequestGraphConsumer#stopProducing(): latencyVsRequest produced 0 samples
2024-04-06 16:24:29,597 INFO o.a.j.r.p.AbstractSampleConsumer: class org.apache.jmeter.report.processor.graph.impl.SyntheticResponseTimeDistributionGraphConsumer#stopProducing(): syntheticResponseTimeDistribution produced 0 samples
2024-04-06 16:24:29,598 INFO o.a.j.r.p.AbstractSampleConsumer: class org.apache.jmeter.report.processor.graph.impl.BytesThroughputGraphConsumer#stopProducing(): bytesThroughputOverTime produced 0 samples
2024-04-06 16:24:29,598 INFO o.a.j.r.p.AbstractSampleConsumer: class org.apache.jmeter.report.processor.graph.impl.CodesPerSecondGraphConsumer#stopProducing(): codesPerSecond produced 0 samples
2024-04-06 16:24:29,660 INFO o.a.j.r.p.AbstractSampleConsumer: class org.apache.jmeter.report.processor.graph.impl.ResponseTimeVSRequestGraphConsumer#stopProducing(): responseTimeVsRequest produced 0 samples
2024-04-06 16:24:29,662 INFO o.a.j.r.p.AbstractSampleConsumer: class org.apache.jmeter.report.processor.FilterConsumer#stopProducing(): startIntervalControlerFilter produced 140000 samples
2024-04-06 16:24:29,662 INFO o.a.j.r.p.AbstractSampleConsumer: class org.apache.jmeter.report.processor.graph.impl.TotalTPSGraphConsumer#stopProducing(): totalTPS produced 0 samples
2024-04-06 16:24:29,662 INFO o.a.j.r.p.AbstractSampleConsumer: class org.apache.jmeter.report.processor.graph.impl.ActiveThreadsGraphConsumer#stopProducing(): activeThreadsOverTime produced 0 samples
2024-04-06 16:24:29,662 INFO o.a.j.r.p.AbstractSampleConsumer: class org.apache.jmeter.report.processor.graph.impl.TimeVSThreadGraphConsumer#stopProducing(): timeVsThreads produced 0 samples
2024-04-06 16:24:29,663 INFO o.a.j.r.p.AbstractSampleConsumer: class org.apache.jmeter.report.processor.graph.impl.ResponseTimeDistributionGraphConsumer#stopProducing(): responseTimeDistribution produced 0 samples
2024-04-06 16:24:29,664 INFO o.a.j.r.p.AbstractSampleConsumer: class org.apache.jmeter.report.processor.graph.impl.TransactionsPerSecondGraphConsumer#stopProducing(): transactionsPerSecond produced 0 samples
2024-04-06 16:24:29,664 INFO o.a.j.r.p.AbstractSampleConsumer: class org.apache.jmeter.report.processor.graph.impl.ResponseTimePercentilesGraphConsumer#stopProducing(): responseTimePercentiles produced 0 samples
2024-04-06 16:24:29,673 INFO o.a.j.r.p.AbstractSampleConsumer: class org.apache.jmeter.report.processor.graph.impl.ResponseTimePercentilesOverTimeGraphConsumer#stopProducing(): responseTimePercentilesOverTime produced 0 samples
2024-04-06 16:24:29,674 INFO o.a.j.r.p.AbstractSampleConsumer: class org.apache.jmeter.report.processor.graph.impl.ResponseTimeOverTimeGraphConsumer#stopProducing(): responseTimesOverTime produced 0 samples
2024-04-06 16:24:29,674 INFO o.a.j.r.p.AbstractSampleConsumer: class org.apache.jmeter.report.processor.graph.impl.ConnectTimeOverTimeGraphConsumer#stopProducing(): connectTimeOverTime produced 0 samples
2024-04-06 16:24:29,674 INFO o.a.j.r.p.AbstractSampleConsumer: class org.apache.jmeter.report.processor.graph.impl.LatencyOverTimeGraphConsumer#stopProducing(): latenciesOverTime produced 0 samples
2024-04-06 16:24:29,674 INFO o.a.j.r.p.AbstractSampleConsumer: class org.apache.jmeter.report.processor.FilterConsumer#stopProducing(): nameFilter produced 300000 samples
2024-04-06 16:24:29,674 INFO o.a.j.r.p.AbstractSampleConsumer: class org.apache.jmeter.report.processor.FilterConsumer#stopProducing(): dateRangeFilter produced 60000 samples
2024-04-06 16:24:29,674 INFO o.a.j.r.p.AbstractSampleConsumer: class org.apache.jmeter.report.processor.NormalizerSampleConsumer#stopProducing(): normalizer produced 20000 samples
2024-04-06 16:24:29,675 INFO o.a.j.r.p.CsvFileSampleSource: produce(): 20000 samples produced in 1s 434 ms on channel 0
2024-04-06 16:24:29,675 INFO o.a.j.r.d.ReportGenerator: Exporting data using exporter:'json' of className:'org.apache.jmeter.report.dashboard.JsonExporter'
2024-04-06 16:24:29,747 INFO o.a.j.r.d.JsonExporter: Found data for consumer statisticsSummary in context
2024-04-06 16:24:29,748 INFO o.a.j.r.d.JsonExporter: Creating statistics for overall
2024-04-06 16:24:29,748 INFO o.a.j.r.d.JsonExporter: Creating statistics for other transactions
2024-04-06 16:24:29,748 INFO o.a.j.r.d.JsonExporter: Checking output folder
2024-04-06 16:24:29,749 INFO o.a.j.r.d.JsonExporter: Writing statistics JSON to C:\temp\perf\New folder\statistics.json
2024-04-06 16:24:29,785 INFO o.a.j.r.d.ReportGenerator: Exporting data using exporter:'html' of className:'org.apache.jmeter.report.dashboard.HtmlTemplateExporter'
2024-04-06 16:24:29,787 INFO o.a.j.r.d.HtmlTemplateExporter: Will generate dashboard in folder: C:\temp\perf\New folder
2024-04-06 16:24:29,919 INFO o.a.j.r.d.HtmlTemplateExporter: Report will be generated in: C:\temp\perf\New folder, creating folder structure
2024-04-06 16:24:29,924 INFO o.a.j.r.d.TemplateVisitor: Copying folder from 'C:\Users\chath\OneDrive\Documents\data\apache-jmeter-5.6.3\apache-jmeter-5.6.3\bin\report-template' to 'C:\temp\perf\New folder', got message: C:\temp\perf\New folder, found non empty folder with following content [C:\temp\perf\New folder\statistics.json], will be ignored
